Name: CCTV-1, URL: http://[2409:8087:74d9:21::6]/000000001000PLTV/88888888/224/3221226733/index.m3u8, Date: None, Resolution: None, Response Time: 1654 ms
Name: CCTV-1, URL: http://[2409:8087:74d9:21::6]/000000001000PLTV/88888888/224/3221226153/index.m3u8, Date: None, Resolution: None, Response Time: 1654 ms
Name: CCTV-1, URL: http://[2409:8087:74d9:21::6]:80/270000001128/9900000001/index.m3u8, Date: None, Resolution: None, Response Time: 1654 ms
Name: CCTV-1, URL: http://[2409:8087:74d9:21::6]/270000001322/69900158041111100000002133/index.m3u8, Date: None, Resolution: None, Response Time: 1654 ms
Name: CCTV-1, URL: http://[2409:8087:74d9:21::6]:80/000000001000PLTV/88888888/224/3221226153/index.m3u8, Date: None, Resolution: None, Response Time: 1654 ms
Name: CCTV-1, URL: http://[2409:8087:74d9:21::6]/270000001128/9900000001/index.m3u8, Date: None, Resolution: None, Response Time: 1654 ms
Name: CCTV-1, URL: http://[2409:8087:74d9:21::6]/000000001000PLTV/88888888/224/3221226670/index.m3u8, Date: None, Resolution: None, Response Time: 1654 ms
Name: CCTV-1, URL: http://[2409:8087:74d9:21::6]/000000001000PLTV/88888888/224/3221226670/index.m3u8, Date: None, Resolution: None, Response Time: 1654 ms
Name: CCTV-1, URL: http://[2409:8087:74d9:21::6]/000000001000PLTV/88888888/224/3221226733/index.m3u8, Date: None, Resolution: None, Response Time: 1654 ms
Name: CCTV-1, URL: http://[2409:8087:74d9:21::6]:80/270000001128/9900000001/index.m3u8, Date: None, Resolution: None, Response Time: 1654 ms
Name: CCTV-1, URL: http://[2409:8087:74d9:21::6]/270000001128/9900000001/index.m3u8, Date: None, Resolution: None, Response Time: 1654 ms
Name: CCTV-1, URL: http://[2409:8087:74d9:21::6]:80/000000001000PLTV/88888888/224/3221226153/index.m3u8, Date: None, Resolution: None, Response Time: 1654 ms
Name: CCTV-1, URL: http://[2409:8087:74d9:21::6]/000000001000PLTV/88888888/224/3221226153/index.m3u8, Date: None, Resolution: None, Response Time: 1654 ms
Name: CCTV-1, URL: http://[2409:8087:74d9:21::6]/270000001322/69900158041111100000002133/index.m3u8, Date: None, Resolution: None, Response Time: 1654 ms
Name: CCTV-2, URL: http://[2409:8087:74d9:21::6]/270000001322/69900158041111100000002135/index.m3u8, Date: None, Resolution: None, Response Time: 1654 ms
Name: CCTV-2, URL: http://[2409:8087:74d9:21::6]/000000001000PLTV/88888888/224/3221226676/index.m3u8, Date: None, Resolution: None, Response Time: 1654 ms
Name: CCTV-2, URL: http://[2409:8087:74d9:21::6]:80/000000001000PLTV/88888888/224/3221226676/index.m3u8, Date: None, Resolution: None, Response Time: 1654 ms
Name: CCTV-2, URL: http://[2409:8087:74d9:21::6]/270000001128/9900000502/index.m3u8, Date: None, Resolution: None, Response Time: 1654 ms
Name: CCTV-2, URL: http://[2409:8087:74d9:21::6]:80/270000001322/69900158041111100000002135/index.m3u8, Date: None, Resolution: None, Response Time: 1654 ms
Name: CCTV-2, URL: http://[2409:8087:74d9:21::6]/270000001322/69900158041111100000002135/index.m3u8, Date: None, Resolution: None, Response Time: 1654 ms
Name: CCTV-2, URL: http://[2409:8087:74d9:21::6]:80/000000001000PLTV/88888888/224/3221226676/index.m3u8, Date: None, Resolution: None, Response Time: 1654 ms
Name: CCTV-2, URL: http://[2409:8087:74d9:21::6]/270000001128/9900000502/index.m3u8, Date: None, Resolution: None, Response Time: 1654 ms
Name: CCTV-2, URL: http://[2409:8087:74d9:21::6]:80/270000001322/69900158041111100000002135/index.m3u8, Date: None, Resolution: None, Response Time: 1654 ms
Name: CCTV-2, URL: http://[2409:8087:74d9:21::6]/000000001000PLTV/88888888/224/3221226676/index.m3u8, Date: None, Resolution: None, Response Time: 1654 ms
Name: CCTV-3, URL: http://[2409:8087:74d9:21::6]/270000001128/9900000003/index.m3u8, Date: None, Resolution: None, Response Time: 1654 ms
Name: CCTV-3, URL: http://[2409:8087:74d9:21::6]:80/270000001128/9900000003/index.m3u8, Date: None, Resolution: None, Response Time: 1654 ms
Name: CCTV-3, URL: http://[2409:8087:74d9:21::6]:80/270000001128/9900000003/index.m3u8, Date: None, Resolution: None, Response Time: 1654 ms
Name: CCTV-3, URL: http://[2409:8087:74d9:21::6]/270000001128/9900000003/index.m3u8, Date: None, Resolution: None, Response Time: 1654 ms
Name: CCTV-4, URL: http://[2409:8087:74d9:21::6]/000000001000PLTV/88888888/224/3221226539/index.m3u8, Date: None, Resolution: None, Response Time: 1654 ms
Name: CCTV-4, URL: http://[2409:8087:74d9:21::6]:80/000000001000PLTV/88888888/224/3221226652/index.m3u8, Date: None, Resolution: None, Response Time: 1654 ms
Name: CCTV-4, URL: http://[2409:8087:74d9:21::6]:80/270000001322/69900158041111100000002173/index.m3u8, Date: None, Resolution: None, Response Time: 1654 ms
Name: CCTV-4, URL: http://[2409:8087:74d9:21::6]/000000001000PLTV/88888888/224/3221226652/index.m3u8, Date: None, Resolution: None, Response Time: 1654 ms
Name: CCTV-4, URL: http://[2409:8087:74d9:21::6]:80/000000001000PLTV/88888888/224/3221226539/index.m3u8, Date: None, Resolution: None, Response Time: 1654 ms
Name: CCTV-4, URL: http://[2409:8087:74d9:21::6]/270000001322/69900158041111100000002173/index.m3u8, Date: None, Resolution: None, Response Time: 1654 ms
Name: CCTV-4, URL: http://[2409:8087:74d9:21::6]:80/270000001322/69900158041111100000002173/index.m3u8, Date: None, Resolution: None, Response Time: 1654 ms
Name: CCTV-4, URL: http://[2409:8087:74d9:21::6]:80/000000001000PLTV/88888888/224/3221226539/index.m3u8, Date: None, Resolution: None, Response Time: 1654 ms
Name: CCTV-4, URL: http://[2409:8087:74d9:21::6]/000000001000PLTV/88888888/224/3221226652/index.m3u8, Date: None, Resolution: None, Response Time: 1654 ms
Name: CCTV-4, URL: http://[2409:8087:74d9:21::6]:80/000000001000PLTV/88888888/224/3221226652/index.m3u8, Date: None, Resolution: None, Response Time: 1654 ms
Name: CCTV-4, URL: http://[2409:8087:74d9:21::6]/270000001322/69900158041111100000002173/index.m3u8, Date: None, Resolution: None, Response Time: 1654 ms
Name: CCTV-4, URL: http://[2409:8087:74d9:21::6]/000000001000PLTV/88888888/224/3221226539/index.m3u8, Date: None, Resolution: None, Response Time: 1654 ms
Name: CCTV-5, URL: http://[2409:8087:74d9:21::6]/270000001128/9900000005/index.m3u8, Date: None, Resolution: None, Response Time: 1654 ms
Name: CCTV-5, URL: http://[2409:8087:74d9:21::6]:80/270000001128/9900000005/index.m3u8, Date: None, Resolution: None, Response Time: 1654 ms
Name: CCTV-5, URL: http://[2409:8087:74d9:21::6]/000000001000PLTV/88888888/224/3221226365/index.m3u8, Date: None, Resolution: None, Response Time: 1654 ms
Name: CCTV-5, URL: http://[2409:8087:74d9:21::6]/000000001000PLTV/88888888/224/3221226146/index.m3u8, Date: None, Resolution: None, Response Time: 1654 ms
Name: CCTV-5, URL: http://[2409:8087:74d9:21::6]:80/270000001128/9900000020/index.m3u8, Date: None, Resolution: None, Response Time: 1654 ms
Name: CCTV-5, URL: http://[2409:8087:74d9:21::6]:80/000000001000PLTV/88888888/224/3221226365/index.m3u8, Date: None, Resolution: None, Response Time: 1654 ms
Name: CCTV-5, URL: http://[2409:8087:74d9:21::6]/270000001128/9900000020/index.m3u8, Date: None, Resolution: None, Response Time: 1654 ms
Name: CCTV-5, URL: http://[2409:8087:74d9:21::6]:80/270000001128/9900000005/index.m3u8, Date: None, Resolution: None, Response Time: 1654 ms
Name: CCTV-5, URL: http://[2409:8087:74d9:21::6]/270000001128/9900000020/index.m3u8, Date: None, Resolution: None, Response Time: 1654 ms
Name: CCTV-5, URL: http://[2409:8087:74d9:21::6]/000000001000PLTV/88888888/224/3221226146/index.m3u8, Date: None, Resolution: None, Response Time: 1654 ms
Name: CCTV-5, URL: http://[2409:8087:74d9:21::6]:80/000000001000PLTV/88888888/224/3221226365/index.m3u8, Date: None, Resolution: None, Response Time: 1654 ms
Name: CCTV-5, URL: http://[2409:8087:74d9:21::6]/270000001128/9900000005/index.m3u8, Date: None, Resolution: None, Response Time: 1654 ms
Name: CCTV-5, URL: http://[2409:8087:74d9:21::6]/000000001000PLTV/88888888/224/3221226365/index.m3u8, Date: None, Resolution: None, Response Time: 1654 ms
Name: CCTV-5, URL: http://[2409:8087:74d9:21::6]:80/270000001128/9900000020/index.m3u8, Date: None, Resolution: None, Response Time: 1654 ms
Name: CCTV-5+, URL: http://[2409:8087:74d9:21::6]/270000001322/69900158041111100000002139/index.m3u8, Date: None, Resolution: None, Response Time: 1654 ms
Name: CCTV-5+, URL: http://[2409:8087:74d9:21::6]/270000001322/69900158041111100000002139/index.m3u8, Date: None, Resolution: None, Response Time: 1654 ms
Name: CCTV-6, URL: http://[2409:8087:74d9:21::6]/270000001128/9900000006/index.m3u8, Date: None, Resolution: None, Response Time: 1654 ms
Name: CCTV-6, URL: http://[2409:8087:74d9:21::6]:80/000000001000PLTV/88888888/224/3221226148/index.m3u8, Date: None, Resolution: None, Response Time: 1654 ms
Name: CCTV-6, URL: http://[2409:8087:74d9:21::6]:80/270000001128/9900000006/index.m3u8, Date: None, Resolution: None, Response Time: 1654 ms
Name: CCTV-6, URL: http://[2409:8087:74d9:21::6]/000000001000PLTV/88888888/224/3221226148/index.m3u8, Date: None, Resolution: None, Response Time: 1654 ms
Name: CCTV-6, URL: http://[2409:8087:74d9:21::6]:80/270000001128/9900000006/index.m3u8, Date: None, Resolution: None, Response Time: 1654 ms
Name: CCTV-6, URL: http://[2409:8087:74d9:21::6]/000000001000PLTV/88888888/224/3221226148/index.m3u8, Date: None, Resolution: None, Response Time: 1654 ms
Name: CCTV-6, URL: http://[2409:8087:74d9:21::6]:80/000000001000PLTV/88888888/224/3221226148/index.m3u8, Date: None, Resolution: None, Response Time: 1654 ms
Name: CCTV-6, URL: http://[2409:8087:74d9:21::6]/270000001128/9900000006/index.m3u8, Date: None, Resolution: None, Response Time: 1654 ms
Name: CCTV-7, URL: http://[2409:8087:74d9:21::6]/270000001322/69900158041111100000002141/index.m3u8, Date: None, Resolution: None, Response Time: 1654 ms
Name: CCTV-7, URL: http://[2409:8087:74d9:21::6]:80/000000001000PLTV/88888888/224/3221226432/index.m3u8, Date: None, Resolution: None, Response Time: 1654 ms
Name: CCTV-7, URL: http://[2409:8087:74d9:21::6]/000000001000PLTV/88888888/224/3221226432/index.m3u8, Date: None, Resolution: None, Response Time: 1654 ms
Name: CCTV-7, URL: http://[2409:8087:74d9:21::6]:80/270000001322/69900158041111100000002141/index.m3u8, Date: None, Resolution: None, Response Time: 1654 ms
Name: CCTV-7, URL: http://[2409:8087:74d9:21::6]:80/270000001322/69900158041111100000002141/index.m3u8, Date: None, Resolution: None, Response Time: 1654 ms
Name: CCTV-7, URL: http://[2409:8087:74d9:21::6]:80/000000001000PLTV/88888888/224/3221226432/index.m3u8, Date: None, Resolution: None, Response Time: 1654 ms
Name: CCTV-7, URL: http://[2409:8087:74d9:21::6]/000000001000PLTV/88888888/224/3221226432/index.m3u8, Date: None, Resolution: None, Response Time: 1654 ms
Name: CCTV-7, URL: http://[2409:8087:74d9:21::6]/270000001322/69900158041111100000002141/index.m3u8, Date: None, Resolution: None, Response Time: 1654 ms
Name: CCTV-8, URL: http://[2409:8087:74d9:21::6]:80/000000001000PLTV/88888888/224/3221226150/index.m3u8, Date: None, Resolution: None, Response Time: 1654 ms
Name: CCTV-8, URL: http://[2409:8087:74d9:21::6]:80/270000001128/9900000008/index.m3u8, Date: None, Resolution: None, Response Time: 1654 ms
Name: CCTV-8, URL: http://[2409:8087:74d9:21::6]/000000001000PLTV/88888888/224/3221226150/index.m3u8, Date: None, Resolution: None, Response Time: 1654 ms
Name: CCTV-8, URL: http://[2409:8087:74d9:21::6]/270000001128/9900000008/index.m3u8, Date: None, Resolution: None, Response Time: 1654 ms
Name: CCTV-8, URL: http://[2409:8087:74d9:21::6]:80/000000001000PLTV/88888888/224/3221226150/index.m3u8, Date: None, Resolution: None, Response Time: 1654 ms
Name: CCTV-8, URL: http://[2409:8087:74d9:21::6]/000000001000PLTV/88888888/224/3221226150/index.m3u8, Date: None, Resolution: None, Response Time: 1654 ms
Name: CCTV-8, URL: http://[2409:8087:74d9:21::6]:80/270000001128/9900000008/index.m3u8, Date: None, Resolution: None, Response Time: 1654 ms
Name: CCTV-8, URL: http://[2409:8087:74d9:21::6]/270000001128/9900000008/index.m3u8, Date: None, Resolution: None, Response Time: 1654 ms
Name: CCTV-9, URL: http://[2409:8087:74d9:21::6]/270000001322/69900158041111100000002144/index.m3u8, Date: None, Resolution: None, Response Time: 1654 ms
Name: CCTV-9, URL: http://[2409:8087:74d9:21::6]:80/000000001000PLTV/88888888/224/3221226434/index.m3u8, Date: None, Resolution: None, Response Time: 1654 ms
Name: CCTV-9, URL: http://[2409:8087:74d9:21::6]/000000001000PLTV/88888888/224/3221226434/index.m3u8, Date: None, Resolution: None, Response Time: 1654 ms
Name: CCTV-9, URL: http://[2409:8087:74d9:21::6]/270000001322/69900158041111100000002144/index.m3u8, Date: None, Resolution: None, Response Time: 1654 ms
Name: CCTV-9, URL: http://[2409:8087:74d9:21::6]:80/000000001000PLTV/88888888/224/3221226434/index.m3u8, Date: None, Resolution: None, Response Time: 1654 ms
Name: CCTV-9, URL: http://[2409:8087:74d9:21::6]/000000001000PLTV/88888888/224/3221226434/index.m3u8, Date: None, Resolution: None, Response Time: 1654 ms
Name: CCTV-10, URL: http://[2409:8087:74d9:21::6]:80/270000001322/69900158041111100000002146/index.m3u8, Date: None, Resolution: None, Response Time: 1654 ms
Name: CCTV-10, URL: http://[2409:8087:74d9:21::6]/000000001000PLTV/88888888/224/3221226164/index.m3u8, Date: None, Resolution: None, Response Time: 1654 ms
Name: CCTV-10, URL: http://[2409:8087:74d9:21::6]:80/000000001000PLTV/88888888/224/3221226164/index.m3u8, Date: None, Resolution: None, Response Time: 1654 ms
Name: CCTV-10, URL: http://[2409:8087:74d9:21::6]/270000001322/69900158041111100000002146/index.m3u8, Date: None, Resolution: None, Response Time: 1654 ms
Name: CCTV-10, URL: http://[2409:8087:74d9:21::6]:80/270000001322/69900158041111100000002146/index.m3u8, Date: None, Resolution: None, Response Time: 1654 ms
Name: CCTV-10, URL: http://[2409:8087:74d9:21::6]/000000001000PLTV/88888888/224/3221226164/index.m3u8, Date: None, Resolution: None, Response Time: 1654 ms
Name: CCTV-10, URL: http://[2409:8087:74d9:21::6]/270000001322/69900158041111100000002146/index.m3u8, Date: None, Resolution: None, Response Time: 1654 ms
Name: CCTV-10, URL: http://[2409:8087:74d9:21::6]:80/000000001000PLTV/88888888/224/3221226164/index.m3u8, Date: None, Resolution: None, Response Time: 1654 ms
Name: CCTV-11, URL: http://[2409:8087:74d9:21::6]:80/270000001322/69900158041111100000002177/index.m3u8, Date: None, Resolution: None, Response Time: 1654 ms
Name: CCTV-11, URL: http://[2409:8087:74d9:21::6]/270000001322/69900158041111100000002177/index.m3u8, Date: None, Resolution: None, Response Time: 1654 ms
Name: CCTV-11, URL: http://[2409:8087:74d9:21::6]:80/000000001000PLTV/88888888/224/3221226541/index.m3u8, Date: None, Resolution: None, Response Time: 1654 ms
Name: CCTV-11, URL: http://[2409:8087:74d9:21::6]/000000001000PLTV/88888888/224/3221226541/index.m3u8, Date: None, Resolution: None, Response Time: 1654 ms
Name: CCTV-11, URL: http://[2409:8087:74d9:21::6]/000000001000PLTV/88888888/224/3221226541/index.m3u8, Date: None, Resolution: None, Response Time: 1654 ms
Name: CCTV-11, URL: http://[2409:8087:74d9:21::6]:80/270000001322/69900158041111100000002177/index.m3u8, Date: None, Resolution: None, Response Time: 1654 ms
Name: CCTV-11, URL: http://[2409:8087:74d9:21::6]:80/000000001000PLTV/88888888/224/3221226541/index.m3u8, Date: None, Resolution: None, Response Time: 1654 ms
Name: CCTV-11, URL: http://[2409:8087:74d9:21::6]/270000001322/69900158041111100000002177/index.m3u8, Date: None, Resolution: None, Response Time: 1654 ms
Name: CCTV-12, URL: http://[2409:8087:74d9:21::6]/000000001000PLTV/88888888/224/3221226436/index.m3u8, Date: None, Resolution: None, Response Time: 1654 ms
Name: CCTV-12, URL: http://[2409:8087:74d9:21::6]:80/270000001322/69900158041111100000002147/index.m3u8, Date: None, Resolution: None, Response Time: 1654 ms
Name: CCTV-12, URL: http://[2409:8087:74d9:21::6]/270000001322/69900158041111100000002147/index.m3u8, Date: None, Resolution: None, Response Time: 1654 ms
Name: CCTV-12, URL: http://[2409:8087:74d9:21::6]:80/270000001322/69900158041111100000002147/index.m3u8, Date: None, Resolution: None, Response Time: 1654 ms
Name: CCTV-12, URL: http://[2409:8087:74d9:21::6]/270000001322/69900158041111100000002147/index.m3u8, Date: None, Resolution: None, Response Time: 1654 ms
Name: CCTV-12, URL: http://[2409:8087:74d9:21::6]/000000001000PLTV/88888888/224/3221226436/index.m3u8, Date: None, Resolution: None, Response Time: 1654 ms
Name: CCTV-13, URL: http://[2409:8087:74d9:21::6]:80/000000001000PLTV/88888888/224/3221226438/index.m3u8, Date: None, Resolution: None, Response Time: 1654 ms
Name: CCTV-13, URL: http://[2409:8087:74d9:21::6]/000000001000PLTV/88888888/224/3221226438/index.m3u8, Date: None, Resolution: None, Response Time: 1654 ms
Name: CCTV-13, URL: http://[2409:8087:74d9:21::6]/270000001322/69900158041111100000002179/index.m3u8, Date: None, Resolution: None, Response Time: 1654 ms
Name: CCTV-13, URL: http://[2409:8087:74d9:21::6]:80/270000001322/69900158041111100000002179/index.m3u8, Date: None, Resolution: None, Response Time: 1654 ms
Name: CCTV-13, URL: http://[2409:8087:74d9:21::6]/270000001322/69900158041111100000002179/index.m3u8, Date: None, Resolution: None, Response Time: 1654 ms
Name: CCTV-13, URL: http://[2409:8087:74d9:21::6]:80/270000001322/69900158041111100000002179/index.m3u8, Date: None, Resolution: None, Response Time: 1654 ms
Name: CCTV-13, URL: http://[2409:8087:74d9:21::6]:80/000000001000PLTV/88888888/224/3221226438/index.m3u8, Date: None, Resolution: None, Response Time: 1654 ms
Name: CCTV-13, URL: http://[2409:8087:74d9:21::6]/000000001000PLTV/88888888/224/3221226438/index.m3u8, Date: None, Resolution: None, Response Time: 1654 ms
Name: CCTV-14, URL: http://[2409:8087:74d9:21::6]:80/270000001322/69900158041111100000002148/index.m3u8, Date: None, Resolution: None, Response Time: 1654 ms
Name: CCTV-14, URL: http://[2409:8087:74d9:21::6]:80/000000001000PLTV/88888888/224/3221226166/index.m3u8, Date: None, Resolution: None, Response Time: 1654 ms
Name: CCTV-14, URL: http://[2409:8087:74d9:21::6]/000000001000PLTV/88888888/224/3221226166/index.m3u8, Date: None, Resolution: None, Response Time: 1654 ms
Name: CCTV-14, URL: http://[2409:8087:74d9:21::6]/270000001322/69900158041111100000002148/index.m3u8, Date: None, Resolution: None, Response Time: 1654 ms
Name: CCTV-14, URL: http://[2409:8087:74d9:21::6]:80/000000001000PLTV/88888888/224/3221226166/index.m3u8, Date: None, Resolution: None, Response Time: 1654 ms
Name: CCTV-14, URL: http://[2409:8087:74d9:21::6]/270000001322/69900158041111100000002148/index.m3u8, Date: None, Resolution: None, Response Time: 1654 ms
Name: CCTV-14, URL: http://[2409:8087:74d9:21::6]:80/270000001322/69900158041111100000002148/index.m3u8, Date: None, Resolution: None, Response Time: 1654 ms
Name: CCTV-14, URL: http://[2409:8087:74d9:21::6]/000000001000PLTV/88888888/224/3221226166/index.m3u8, Date: None, Resolution: None, Response Time: 1654 ms
Name: CCTV-15, URL: http://[2409:8087:74d9:21::6]/000000001000PLTV/88888888/224/3221226616/index.m3u8, Date: None, Resolution: None, Response Time: 1654 ms
Name: CCTV-15, URL: http://[2409:8087:74d9:21::6]:80/270000001322/69900158041111100000002181/index.m3u8, Date: None, Resolution: None, Response Time: 1654 ms
Name: CCTV-15, URL: http://[2409:8087:74d9:21::6]:80/000000001000PLTV/88888888/224/3221226616/index.m3u8, Date: None, Resolution: None, Response Time: 1654 ms
Name: CCTV-15, URL: http://[2409:8087:74d9:21::6]/270000001322/69900158041111100000002181/index.m3u8, Date: None, Resolution: None, Response Time: 1654 ms
Name: CCTV-15, URL: http://[2409:8087:74d9:21::6]:80/270000001322/69900158041111100000002181/index.m3u8, Date: None, Resolution: None, Response Time: 1654 ms
Name: CCTV-15, URL: http://[2409:8087:74d9:21::6]/000000001000PLTV/88888888/224/3221226616/index.m3u8, Date: None, Resolution: None, Response Time: 1654 ms
Name: CCTV-15, URL: http://[2409:8087:74d9:21::6]/270000001322/69900158041111100000002181/index.m3u8, Date: None, Resolution: None, Response Time: 1654 ms
Name: CCTV-15, URL: http://[2409:8087:74d9:21::6]:80/000000001000PLTV/88888888/224/3221226616/index.m3u8, Date: None, Resolution: None, Response Time: 1654 ms
Name: CCTV-16, URL: http://[2409:8087:74d9:21::6]:80/270000001128/9900000016/index.m3u8, Date: None, Resolution: None, Response Time: 1654 ms
Name: CCTV-16, URL: http://[2409:8087:74d9:21::6]:80/000000001000PLTV/88888888/224/3221226413/index.m3u8, Date: None, Resolution: None, Response Time: 1654 ms
Name: CCTV-16, URL: http://[2409:8087:74d9:21::6]/270000001128/9900000016/index.m3u8, Date: None, Resolution: None, Response Time: 1654 ms
Name: CCTV-16, URL: http://[2409:8087:74d9:21::6]/000000001000PLTV/88888888/224/3221226413/index.m3u8, Date: None, Resolution: None, Response Time: 1654 ms
Name: CCTV-16, URL: http://[2409:8087:74d9:21::6]/000000001000PLTV/88888888/224/3221226413/index.m3u8, Date: None, Resolution: None, Response Time: 1654 ms
Name: CCTV-16, URL: http://[2409:8087:74d9:21::6]:80/000000001000PLTV/88888888/224/3221226413/index.m3u8, Date: None, Resolution: None, Response Time: 1654 ms
Name: CCTV-16, URL: http://[2409:8087:74d9:21::6]:80/270000001128/9900000016/index.m3u8, Date: None, Resolution: None, Response Time: 1654 ms
Name: CCTV-16, URL: http://[2409:8087:74d9:21::6]/270000001128/9900000016/index.m3u8, Date: None, Resolution: None, Response Time: 1654 ms
Name: 广东卫视, URL: http://[2409:8087:74d9:21::6]:80/000000001000PLTV/88888888/224/3221226180/index.m3u8, Date: None, Resolution: None, Response Time: 1654 ms
Name: 广东卫视, URL: http://[2409:8087:74d9:21::6]/000000001000PLTV/88888888/224/3221226180/index.m3u8, Date: None, Resolution: None, Response Time: 1654 ms
Name: 广东卫视, URL: http://[2409:8087:74d9:21::6]/270000001322/69900158041111100000002203/index.m3u8, Date: None, Resolution: None, Response Time: 1654 ms
Name: 广东卫视, URL: http://[2409:8087:74d9:21::6]/270000001322/69900158041111100000002203/index.m3u8, Date: None, Resolution: None, Response Time: 1654 ms
Name: 广东卫视, URL: http://[2409:8087:74d9:21::6]/000000001000PLTV/88888888/224/3221226180/index.m3u8, Date: None, Resolution: None, Response Time: 1654 ms
Name: 广东卫视, URL: http://[2409:8087:74d9:21::6]:80/000000001000PLTV/88888888/224/3221226180/index.m3u8, Date: None, Resolution: None, Response Time: 1654 ms
Name: 浙江卫视, URL: http://[2409:8087:74d9:21::6]/000000001000PLTV/88888888/224/3221226144/index.m3u8, Date: None, Resolution: None, Response Time: 1654 ms
Name: 浙江卫视, URL: http://[2409:8087:74d9:21::6]/270000001322/69900158041111100000002206/index.m3u8, Date: None, Resolution: None, Response Time: 1654 ms
Name: 浙江卫视, URL: http://[2409:8087:74d9:21::6]/000000001000PLTV/88888888/224/3221226144/index.m3u8, Date: None, Resolution: None, Response Time: 1654 ms
Name: 浙江卫视, URL: http://[2409:8087:74d9:21::6]/270000001322/69900158041111100000002206/index.m3u8, Date: None, Resolution: None, Response Time: 1654 ms
Name: 湖南卫视, URL: http://[2409:8087:74d9:21::6]:80/000000001000PLTV/88888888/224/3221226656/index.m3u8, Date: None, Resolution: None, Response Time: 1654 ms
Name: 湖南卫视, URL: http://[2409:8087:74d9:21::6]/000000001000PLTV/88888888/224/3221226193/index.m3u8, Date: None, Resolution: None, Response Time: 1654 ms
Name: 湖南卫视, URL: http://[2409:8087:74d9:21::6]/000000001000PLTV/88888888/224/3221226656/index.m3u8, Date: None, Resolution: None, Response Time: 1654 ms
Name: 湖南卫视, URL: http://[2409:8087:74d9:21::6]:80/270000001322/69900158041111100000002143/index.m3u8, Date: None, Resolution: None, Response Time: 1654 ms
Name: 湖南卫视, URL: http://[2409:8087:74d9:21::6]/270000001322/69900158041111100000002143/index.m3u8, Date: None, Resolution: None, Response Time: 1654 ms
Name: 湖南卫视, URL: http://[2409:8087:74d9:21::6]/000000001000PLTV/88888888/224/3221226656/index.m3u8, Date: None, Resolution: None, Response Time: 1654 ms
Name: 湖南卫视, URL: http://[2409:8087:74d9:21::6]:80/000000001000PLTV/88888888/224/3221226656/index.m3u8, Date: None, Resolution: None, Response Time: 1654 ms
Name: 湖南卫视, URL: http://[2409:8087:74d9:21::6]/270000001322/69900158041111100000002143/index.m3u8, Date: None, Resolution: None, Response Time: 1654 ms
Name: 湖南卫视, URL: http://[2409:8087:74d9:21::6]:80/270000001322/69900158041111100000002143/index.m3u8, Date: None, Resolution: None, Response Time: 1654 ms
Name: 湖南卫视, URL: http://[2409:8087:74d9:21::6]/000000001000PLTV/88888888/224/3221226193/index.m3u8, Date: None, Resolution: None, Response Time: 1654 ms
Name: 北京卫视, URL: http://[2409:8087:74d9:21::6]/000000001000PLTV/88888888/224/3221226739/index.m3u8, Date: None, Resolution: None, Response Time: 1654 ms
Name: 北京卫视, URL: http://[2409:8087:74d9:21::6]:80/270000001322/69900158041111100000002145/index.m3u8, Date: None, Resolution: None, Response Time: 1654 ms
Name: 北京卫视, URL: http://[2409:8087:74d9:21::6]/270000001322/69900158041111100000002145/index.m3u8, Date: None, Resolution: None, Response Time: 1654 ms
Name: 北京卫视, URL: http://[2409:8087:74d9:21::6]/000000001000PLTV/88888888/224/3221226161/index.m3u8, Date: None, Resolution: None, Response Time: 1654 ms
Name: 北京卫视, URL: http://[2409:8087:74d9:21::6]:80/000000001000PLTV/88888888/224/3221226161/index.m3u8, Date: None, Resolution: None, Response Time: 1654 ms
Name: 北京卫视, URL: http://[2409:8087:74d9:21::6]/270000001322/69900158041111100000002145/index.m3u8, Date: None, Resolution: None, Response Time: 1654 ms
Name: 北京卫视, URL: http://[2409:8087:74d9:21::6]/000000001000PLTV/88888888/224/3221226739/index.m3u8, Date: None, Resolution: None, Response Time: 1654 ms
Name: 北京卫视, URL: http://[2409:8087:74d9:21::6]/000000001000PLTV/88888888/224/3221226161/index.m3u8, Date: None, Resolution: None, Response Time: 1654 ms
Name: 北京卫视, URL: http://[2409:8087:74d9:21::6]:80/270000001322/69900158041111100000002145/index.m3u8, Date: None, Resolution: None, Response Time: 1654 ms
Name: 北京卫视, URL: http://[2409:8087:74d9:21::6]:80/000000001000PLTV/88888888/224/3221226161/index.m3u8, Date: None, Resolution: None, Response Time: 1654 ms
Name: 湖北卫视, URL: http://[2409:8087:74d9:21::6]/000000001000PLTV/88888888/224/3221226159/index.m3u8, Date: None, Resolution: None, Response Time: 1654 ms
Name: 湖北卫视, URL: http://[2409:8087:74d9:21::6]:80/000000001000PLTV/88888888/224/3221226159/index.m3u8, Date: None, Resolution: None, Response Time: 1654 ms
Name: 湖北卫视, URL: http://[2409:8087:74d9:21::6]:80/270000001322/69900158041111100000002204/index.m3u8, Date: None, Resolution: None, Response Time: 1654 ms
Name: 湖北卫视, URL: http://[2409:8087:74d9:21::6]/270000001322/69900158041111100000002204/index.m3u8, Date: None, Resolution: None, Response Time: 1654 ms
Name: 湖北卫视, URL: http://[2409:8087:74d9:21::6]/270000001322/69900158041111100000002204/index.m3u8, Date: None, Resolution: None, Response Time: 1654 ms
Name: 湖北卫视, URL: http://[2409:8087:74d9:21::6]:80/270000001322/69900158041111100000002204/index.m3u8, Date: None, Resolution: None, Response Time: 1654 ms
Name: 湖北卫视, URL: http://[2409:8087:74d9:21::6]/000000001000PLTV/88888888/224/3221226159/index.m3u8, Date: None, Resolution: None, Response Time: 1654 ms
Name: 湖北卫视, URL: http://[2409:8087:74d9:21::6]:80/000000001000PLTV/88888888/224/3221226159/index.m3u8, Date: None, Resolution: None, Response Time: 1654 ms
Name: 黑龙江卫视, URL: http://[2409:8087:74d9:21::6]/000000001000PLTV/88888888/224/3221226142/index.m3u8, Date: None, Resolution: None, Response Time: 1654 ms
Name: 黑龙江卫视, URL: http://[2409:8087:74d9:21::6]/270000001322/69900158041111100000002142/index.m3u8, Date: None, Resolution: None, Response Time: 1654 ms
Name: 黑龙江卫视, URL: http://[2409:8087:74d9:21::6]:80/000000001000PLTV/88888888/224/3221226142/index.m3u8, Date: None, Resolution: None, Response Time: 1654 ms
Name: 黑龙江卫视, URL: http://[2409:8087:74d9:21::6]/000000001000PLTV/88888888/224/3221226142/index.m3u8, Date: None, Resolution: None, Response Time: 1654 ms
Name: 黑龙江卫视, URL: http://[2409:8087:74d9:21::6]/270000001322/69900158041111100000002142/index.m3u8, Date: None, Resolution: None, Response Time: 1654 ms
Name: 黑龙江卫视, URL: http://[2409:8087:74d9:21::6]:80/000000001000PLTV/88888888/224/3221226142/index.m3u8, Date: None, Resolution: None, Response Time: 1654 ms
Name: 安徽卫视, URL: http://[2409:8087:74d9:21::6]:80/000000001000PLTV/88888888/224/3221226205/index.m3u8, Date: None, Resolution: None, Response Time: 1654 ms
Name: 安徽卫视, URL: http://[2409:8087:74d9:21::6]/270000001322/69900158041111100000002200/index.m3u8, Date: None, Resolution: None, Response Time: 1654 ms
Name: 安徽卫视, URL: http://[2409:8087:74d9:21::6]/000000001000PLTV/88888888/224/3221226205/index.m3u8, Date: None, Resolution: None, Response Time: 1654 ms
Name: 安徽卫视, URL: http://[2409:8087:74d9:21::6]/000000001000PLTV/88888888/224/3221226205/index.m3u8, Date: None, Resolution: None, Response Time: 1654 ms
Name: 安徽卫视, URL: http://[2409:8087:74d9:21::6]:80/000000001000PLTV/88888888/224/3221226205/index.m3u8, Date: None, Resolution: None, Response Time: 1654 ms
Name: 安徽卫视, URL: http://[2409:8087:74d9:21::6]/270000001322/69900158041111100000002200/index.m3u8, Date: None, Resolution: None, Response Time: 1654 ms
Name: 重庆卫视, URL: http://[2409:8087:74d9:21::6]/270000001322/69900158041111100000002218/index.m3u8, Date: None, Resolution: None, Response Time: 1654 ms
Name: 重庆卫视, URL: http://[2409:8087:74d9:21::6]:80/270000001322/69900158041111100000002218/index.m3u8, Date: None, Resolution: None, Response Time: 1654 ms
Name: 重庆卫视, URL: http://[2409:8087:74d9:21::6]/000000001000PLTV/88888888/224/3221226551/index.m3u8, Date: None, Resolution: None, Response Time: 1654 ms
Name: 重庆卫视, URL: http://[2409:8087:74d9:21::6]/000000001000PLTV/88888888/224/3221226551/index.m3u8, Date: None, Resolution: None, Response Time: 1654 ms
Name: 重庆卫视, URL: http://[2409:8087:74d9:21::6]:80/270000001322/69900158041111100000002218/index.m3u8, Date: None, Resolution: None, Response Time: 1654 ms
Name: 重庆卫视, URL: http://[2409:8087:74d9:21::6]/270000001322/69900158041111100000002218/index.m3u8, Date: None, Resolution: None, Response Time: 1654 ms
Name: 东方卫视, URL: http://[2409:8087:74d9:21::6]/000000001000PLTV/88888888/224/3221226735/index.m3u8, Date: None, Resolution: None, Response Time: 1654 ms
Name: 东方卫视, URL: http://[2409:8087:74d9:21::6]/270000001322/69900158041111100000002207/index.m3u8, Date: None, Resolution: None, Response Time: 1654 ms
Name: 东方卫视, URL: http://[2409:8087:74d9:21::6]/000000001000PLTV/88888888/224/3221225755/index.m3u8, Date: None, Resolution: None, Response Time: 1654 ms
Name: 东方卫视, URL: http://[2409:8087:74d9:21::6]/000000001000PLTV/88888888/224/3221226155/index.m3u8, Date: None, Resolution: None, Response Time: 1654 ms
Name: 东方卫视, URL: http://[2409:8087:74d9:21::6]:80/000000001000PLTV/88888888/224/3221226735/index.m3u8, Date: None, Resolution: None, Response Time: 1654 ms
Name: 东方卫视, URL: http://[2409:8087:74d9:21::6]:80/000000001000PLTV/88888888/224/3221226155/index.m3u8, Date: None, Resolution: None, Response Time: 1654 ms
Name: 东方卫视, URL: http://[2409:8087:74d9:21::6]/270000001322/69900158041111100000002207/index.m3u8, Date: None, Resolution: None, Response Time: 1654 ms
Name: 东方卫视, URL: http://[2409:8087:74d9:21::6]/000000001000PLTV/88888888/224/3221226155/index.m3u8, Date: None, Resolution: None, Response Time: 1654 ms
Name: 东方卫视, URL: http://[2409:8087:74d9:21::6]:80/000000001000PLTV/88888888/224/3221226155/index.m3u8, Date: None, Resolution: None, Response Time: 1654 ms
Name: 东方卫视, URL: http://[2409:8087:74d9:21::6]/000000001000PLTV/88888888/224/3221225755/index.m3u8, Date: None, Resolution: None, Response Time: 1654 ms
Name: 东方卫视, URL: http://[2409:8087:74d9:21::6]/000000001000PLTV/88888888/224/3221226735/index.m3u8, Date: None, Resolution: None, Response Time: 1654 ms
Name: 东方卫视, URL: http://[2409:8087:74d9:21::6]:80/000000001000PLTV/88888888/224/3221226735/index.m3u8, Date: None, Resolution: None, Response Time: 1654 ms
Name: 东南卫视, URL: http://[2409:8087:74d9:21::6]:80/000000001000PLTV/88888888/224/3221226182/index.m3u8, Date: None, Resolution: None, Response Time: 1654 ms
Name: 东南卫视, URL: http://[2409:8087:74d9:21::6]/000000001000PLTV/88888888/224/3221226182/index.m3u8, Date: None, Resolution: None, Response Time: 1654 ms
Name: 东南卫视, URL: http://[2409:8087:74d9:21::6]:80/000000001000PLTV/88888888/224/3221226182/index.m3u8, Date: None, Resolution: None, Response Time: 1654 ms
Name: 东南卫视, URL: http://[2409:8087:74d9:21::6]/000000001000PLTV/88888888/224/3221226182/index.m3u8, Date: None, Resolution: None, Response Time: 1654 ms
Name: 甘肃卫视, URL: http://[2409:8087:74d9:21::6]:80/000000001000PLTV/88888888/224/3221226759/index.m3u8, Date: None, Resolution: None, Response Time: 1654 ms
Name: 甘肃卫视, URL: http://[2409:8087:74d9:21::6]/000000001000PLTV/88888888/224/3221226759/index.m3u8, Date: None, Resolution: None, Response Time: 1654 ms
Name: 甘肃卫视, URL: http://[2409:8087:74d9:21::6]/270000001322/69900158041111100000002160/index.m3u8, Date: None, Resolution: None, Response Time: 1654 ms
Name: 甘肃卫视, URL: http://[2409:8087:74d9:21::6]/270000001128/9900000023/index.m3u8, Date: None, Resolution: None, Response Time: 1654 ms
Name: 甘肃卫视, URL: http://[2409:8087:74d9:21::6]:80/270000001322/69900158041111100000002160/index.m3u8, Date: None, Resolution: None, Response Time: 1654 ms
Name: 甘肃卫视, URL: http://[2409:8087:74d9:21::6]:80/270000001128/9900000023/index.m3u8, Date: None, Resolution: None, Response Time: 1654 ms
Name: 甘肃卫视, URL: http://[2409:8087:74d9:21::6]/270000001128/9900000023/index.m3u8, Date: None, Resolution: None, Response Time: 1654 ms
Name: 甘肃卫视, URL: http://[2409:8087:74d9:21::6]/000000001000PLTV/88888888/224/3221226759/index.m3u8, Date: None, Resolution: None, Response Time: 1654 ms
Name: 甘肃卫视, URL: http://[2409:8087:74d9:21::6]/270000001322/69900158041111100000002160/index.m3u8, Date: None, Resolution: None, Response Time: 1654 ms
Name: 甘肃卫视, URL: http://[2409:8087:74d9:21::6]:80/000000001000PLTV/88888888/224/3221226759/index.m3u8, Date: None, Resolution: None, Response Time: 1654 ms
Name: 甘肃卫视, URL: http://[2409:8087:74d9:21::6]:80/270000001322/69900158041111100000002160/index.m3u8, Date: None, Resolution: None, Response Time: 1654 ms
Name: 甘肃卫视, URL: http://[2409:8087:74d9:21::6]:80/270000001128/9900000023/index.m3u8, Date: None, Resolution: None, Response Time: 1654 ms
Name: 广西卫视, URL: http://[2409:8087:74d9:21::6]/000000001000PLTV/88888888/224/3221226452/index.m3u8, Date: None, Resolution: None, Response Time: 1654 ms
Name: 广西卫视, URL: http://[2409:8087:74d9:21::6]:80/270000001128/9900000034/index.m3u8, Date: None, Resolution: None, Response Time: 1654 ms
Name: 广西卫视, URL: http://[2409:8087:74d9:21::6]/270000001128/9900000034/index.m3u8, Date: None, Resolution: None, Response Time: 1654 ms
Name: 广西卫视, URL: http://[2409:8087:74d9:21::6]:80/000000001000PLTV/88888888/224/3221226452/index.m3u8, Date: None, Resolution: None, Response Time: 1654 ms
Name: 广西卫视, URL: http://[2409:8087:74d9:21::6]/270000001322/69900158041111100000002228/index.m3u8, Date: None, Resolution: None, Response Time: 1654 ms
Name: 广西卫视, URL: http://[2409:8087:74d9:21::6]:80/270000001128/9900000034/index.m3u8, Date: None, Resolution: None, Response Time: 1654 ms
Name: 广西卫视, URL: http://[2409:8087:74d9:21::6]/270000001322/69900158041111100000002228/index.m3u8, Date: None, Resolution: None, Response Time: 1654 ms
Name: 广西卫视, URL: http://[2409:8087:74d9:21::6]:80/000000001000PLTV/88888888/224/3221226452/index.m3u8, Date: None, Resolution: None, Response Time: 1654 ms
Name: 广西卫视, URL: http://[2409:8087:74d9:21::6]/000000001000PLTV/88888888/224/3221226452/index.m3u8, Date: None, Resolution: None, Response Time: 1654 ms
Name: 广西卫视, URL: http://[2409:8087:74d9:21::6]/270000001128/9900000034/index.m3u8, Date: None, Resolution: None, Response Time: 1654 ms
Name: 贵州卫视, URL: http://[2409:8087:74d9:21::6]/270000001322/69900158041111100000002231/index.m3u8, Date: None, Resolution: None, Response Time: 1654 ms
Name: 贵州卫视, URL: http://[2409:8087:74d9:21::6]/270000001128/9900000036/index.m3u8, Date: None, Resolution: None, Response Time: 1654 ms
Name: 贵州卫视, URL: http://[2409:8087:74d9:21::6]:80/000000001000PLTV/88888888/224/3221226547/index.m3u8, Date: None, Resolution: None, Response Time: 1654 ms
Name: 贵州卫视, URL: http://[2409:8087:74d9:21::6]/000000001000PLTV/88888888/224/3221226547/index.m3u8, Date: None, Resolution: None, Response Time: 1654 ms
Name: 贵州卫视, URL: http://[2409:8087:74d9:21::6]:80/270000001128/9900000036/index.m3u8, Date: None, Resolution: None, Response Time: 1654 ms
Name: 贵州卫视, URL: http://[2409:8087:74d9:21::6]/270000001322/69900158041111100000002231/index.m3u8, Date: None, Resolution: None, Response Time: 1654 ms
Name: 贵州卫视, URL: http://[2409:8087:74d9:21::6]:80/270000001128/9900000036/index.m3u8, Date: None, Resolution: None, Response Time: 1654 ms
Name: 贵州卫视, URL: http://[2409:8087:74d9:21::6]:80/000000001000PLTV/88888888/224/3221226547/index.m3u8, Date: None, Resolution: None, Response Time: 1654 ms
Name: 贵州卫视, URL: http://[2409:8087:74d9:21::6]/270000001128/9900000036/index.m3u8, Date: None, Resolution: None, Response Time: 1654 ms
Name: 贵州卫视, URL: http://[2409:8087:74d9:21::6]/000000001000PLTV/88888888/224/3221226547/index.m3u8, Date: None, Resolution: None, Response Time: 1654 ms
Name: 海南卫视, URL: http://[2409:8087:74d9:21::6]/270000001322/69900158041111100000002232/index.m3u8, Date: None, Resolution: None, Response Time: 1654 ms
Name: 海南卫视, URL: http://[2409:8087:74d9:21::6]:80/270000001322/69900158041111100000002232/index.m3u8, Date: None, Resolution: None, Response Time: 1654 ms
Name: 海南卫视, URL: http://[2409:8087:74d9:21::6]:80/270000001128/9900000037/index.m3u8, Date: None, Resolution: None, Response Time: 1654 ms
Name: 海南卫视, URL: http://[2409:8087:74d9:21::6]/000000001000PLTV/88888888/224/3221226450/index.m3u8, Date: None, Resolution: None, Response Time: 1654 ms
Name: 海南卫视, URL: http://[2409:8087:74d9:21::6]:80/000000001000PLTV/88888888/224/3221226450/index.m3u8, Date: None, Resolution: None, Response Time: 1654 ms
Name: 海南卫视, URL: http://[2409:8087:74d9:21::6]/270000001128/9900000037/index.m3u8, Date: None, Resolution: None, Response Time: 1654 ms
Name: 海南卫视, URL: http://[2409:8087:74d9:21::6]/000000001000PLTV/88888888/224/3221226450/index.m3u8, Date: None, Resolution: None, Response Time: 1654 ms
Name: 海南卫视, URL: http://[2409:8087:74d9:21::6]:80/270000001322/69900158041111100000002232/index.m3u8, Date: None, Resolution: None, Response Time: 1654 ms
Name: 海南卫视, URL: http://[2409:8087:74d9:21::6]/270000001128/9900000037/index.m3u8, Date: None, Resolution: None, Response Time: 1654 ms
Name: 海南卫视, URL: http://[2409:8087:74d9:21::6]:80/000000001000PLTV/88888888/224/3221226450/index.m3u8, Date: None, Resolution: None, Response Time: 1654 ms
Name: 海南卫视, URL: http://[2409:8087:74d9:21::6]:80/270000001128/9900000037/index.m3u8, Date: None, Resolution: None, Response Time: 1654 ms
Name: 海南卫视, URL: http://[2409:8087:74d9:21::6]/270000001322/69900158041111100000002232/index.m3u8, Date: None, Resolution: None, Response Time: 1654 ms
Name: 河北卫视, URL: http://[2409:8087:74d9:21::6]:80/270000001322/69900158041111100000002229/index.m3u8, Date: None, Resolution: None, Response Time: 1654 ms
Name: 河北卫视, URL: http://[2409:8087:74d9:21::6]/000000001000PLTV/88888888/224/3221226442/index.m3u8, Date: None, Resolution: None, Response Time: 1654 ms
Name: 河北卫视, URL: http://[2409:8087:74d9:21::6]:80/270000001128/9900000057/index.m3u8, Date: None, Resolution: None, Response Time: 1654 ms
Name: 河北卫视, URL: http://[2409:8087:74d9:21::6]/270000001128/9900000057/index.m3u8, Date: None, Resolution: None, Response Time: 1654 ms
Name: 河北卫视, URL: http://[2409:8087:74d9:21::6]/270000001322/69900158041111100000002229/index.m3u8, Date: None, Resolution: None, Response Time: 1654 ms
Name: 河北卫视, URL: http://[2409:8087:74d9:21::6]:80/270000001128/9900000057/index.m3u8, Date: None, Resolution: None, Response Time: 1654 ms
Name: 河北卫视, URL: http://[2409:8087:74d9:21::6]/270000001322/69900158041111100000002229/index.m3u8, Date: None, Resolution: None, Response Time: 1654 ms
Name: 河北卫视, URL: http://[2409:8087:74d9:21::6]/270000001128/9900000057/index.m3u8, Date: None, Resolution: None, Response Time: 1654 ms
Name: 河北卫视, URL: http://[2409:8087:74d9:21::6]:80/270000001322/69900158041111100000002229/index.m3u8, Date: None, Resolution: None, Response Time: 1654 ms
Name: 河北卫视, URL: http://[2409:8087:74d9:21::6]/000000001000PLTV/88888888/224/3221226442/index.m3u8, Date: None, Resolution: None, Response Time: 1654 ms
Name: 河南卫视, URL: http://[2409:8087:74d9:21::6]/270000001322/69900158041111100000002221/index.m3u8, Date: None, Resolution: None, Response Time: 1654 ms
Name: 河南卫视, URL: http://[2409:8087:74d9:21::6]/270000001128/9900000027/index.m3u8, Date: None, Resolution: None, Response Time: 1654 ms
Name: 河南卫视, URL: http://[2409:8087:74d9:21::6]:80/270000001128/9900000027/index.m3u8, Date: None, Resolution: None, Response Time: 1654 ms
Name: 河南卫视, URL: http://[2409:8087:74d9:21::6]/000000001000PLTV/88888888/224/3221226614/index.m3u8, Date: None, Resolution: None, Response Time: 1654 ms
Name: 河南卫视, URL: http://[2409:8087:74d9:21::6]:80/000000001000PLTV/88888888/224/3221226614/index.m3u8, Date: None, Resolution: None, Response Time: 1654 ms
Name: 河南卫视, URL: http://[2409:8087:74d9:21::6]:80/000000001000PLTV/88888888/224/3221226614/index.m3u8, Date: None, Resolution: None, Response Time: 1654 ms
Name: 河南卫视, URL: http://[2409:8087:74d9:21::6]/000000001000PLTV/88888888/224/3221226614/index.m3u8, Date: None, Resolution: None, Response Time: 1654 ms
Name: 河南卫视, URL: http://[2409:8087:74d9:21::6]/270000001128/9900000027/index.m3u8, Date: None, Resolution: None, Response Time: 1654 ms
Name: 河南卫视, URL: http://[2409:8087:74d9:21::6]:80/270000001128/9900000027/index.m3u8, Date: None, Resolution: None, Response Time: 1654 ms
Name: 河南卫视, URL: http://[2409:8087:74d9:21::6]/270000001322/69900158041111100000002221/index.m3u8, Date: None, Resolution: None, Response Time: 1654 ms
Name: 吉林卫视, URL: http://[2409:8087:74d9:21::6]/270000001128/9900000030/index.m3u8, Date: None, Resolution: None, Response Time: 1654 ms
Name: 吉林卫视, URL: http://[2409:8087:74d9:21::6]/270000001322/69900158041111100000002224/index.m3u8, Date: None, Resolution: None, Response Time: 1654 ms
Name: 吉林卫视, URL: http://[2409:8087:74d9:21::6]:80/270000001322/69900158041111100000002224/index.m3u8, Date: None, Resolution: None, Response Time: 1654 ms
Name: 吉林卫视, URL: http://[2409:8087:74d9:21::6]:80/270000001128/9900000030/index.m3u8, Date: None, Resolution: None, Response Time: 1654 ms
Name: 吉林卫视, URL: http://[2409:8087:74d9:21::6]/000000001000PLTV/88888888/224/3221226440/index.m3u8, Date: None, Resolution: None, Response Time: 1654 ms
Name: 吉林卫视, URL: http://[2409:8087:74d9:21::6]:80/000000001000PLTV/88888888/224/3221226440/index.m3u8, Date: None, Resolution: None, Response Time: 1654 ms
Name: 吉林卫视, URL: http://[2409:8087:74d9:21::6]/000000001000PLTV/88888888/224/3221226440/index.m3u8, Date: None, Resolution: None, Response Time: 1654 ms
Name: 吉林卫视, URL: http://[2409:8087:74d9:21::6]:80/270000001322/69900158041111100000002224/index.m3u8, Date: None, Resolution: None, Response Time: 1654 ms
Name: 吉林卫视, URL: http://[2409:8087:74d9:21::6]/270000001128/9900000030/index.m3u8, Date: None, Resolution: None, Response Time: 1654 ms
Name: 吉林卫视, URL: http://[2409:8087:74d9:21::6]/270000001322/69900158041111100000002224/index.m3u8, Date: None, Resolution: None, Response Time: 1654 ms
Name: 吉林卫视, URL: http://[2409:8087:74d9:21::6]:80/000000001000PLTV/88888888/224/3221226440/index.m3u8, Date: None, Resolution: None, Response Time: 1654 ms
Name: 吉林卫视, URL: http://[2409:8087:74d9:21::6]:80/270000001128/9900000030/index.m3u8, Date: None, Resolution: None, Response Time: 1654 ms
Name: 江苏卫视, URL: http://[2409:8087:74d9:21::6]/000000001000PLTV/88888888/224/3221226157/index.m3u8, Date: None, Resolution: None, Response Time: 1654 ms
Name: 江苏卫视, URL: http://[2409:8087:74d9:21::6]:80/000000001000PLTV/88888888/224/3221226157/index.m3u8, Date: None, Resolution: None, Response Time: 1654 ms
Name: 江苏卫视, URL: http://[2409:8087:74d9:21::6]/000000001000PLTV/88888888/224/3221226737/index.m3u8, Date: None, Resolution: None, Response Time: 1654 ms
Name: 江苏卫视, URL: http://[2409:8087:74d9:21::6]/270000001322/69900158041111100000002137/index.m3u8, Date: None, Resolution: None, Response Time: 1654 ms
Name: 江苏卫视, URL: http://[2409:8087:74d9:21::6]/000000001000PLTV/88888888/224/3221226737/index.m3u8, Date: None, Resolution: None, Response Time: 1654 ms
Name: 江苏卫视, URL: http://[2409:8087:74d9:21::6]/000000001000PLTV/88888888/224/3221226157/index.m3u8, Date: None, Resolution: None, Response Time: 1654 ms
Name: 江苏卫视, URL: http://[2409:8087:74d9:21::6]/270000001322/69900158041111100000002137/index.m3u8, Date: None, Resolution: None, Response Time: 1654 ms
Name: 江苏卫视, URL: http://[2409:8087:74d9:21::6]:80/000000001000PLTV/88888888/224/3221226157/index.m3u8, Date: None, Resolution: None, Response Time: 1654 ms
Name: 江西卫视, URL: http://[2409:8087:74d9:21::6]/000000001000PLTV/88888888/224/3221226207/index.m3u8, Date: None, Resolution: None, Response Time: 1654 ms
Name: 江西卫视, URL: http://[2409:8087:74d9:21::6]:80/000000001000PLTV/88888888/224/3221226207/index.m3u8, Date: None, Resolution: None, Response Time: 1654 ms
Name: 江西卫视, URL: http://[2409:8087:74d9:21::6]:80/000000001000PLTV/88888888/224/3221226207/index.m3u8, Date: None, Resolution: None, Response Time: 1654 ms
Name: 江西卫视, URL: http://[2409:8087:74d9:21::6]/000000001000PLTV/88888888/224/3221226207/index.m3u8, Date: None, Resolution: None, Response Time: 1654 ms
Name: 辽宁卫视, URL: http://[2409:8087:74d9:21::6]:80/270000001322/69900158041111100000002201/index.m3u8, Date: None, Resolution: None, Response Time: 1654 ms
Name: 辽宁卫视, URL: http://[2409:8087:74d9:21::6]/000000001000PLTV/88888888/224/3221226209/index.m3u8, Date: None, Resolution: None, Response Time: 1654 ms
Name: 辽宁卫视, URL: http://[2409:8087:74d9:21::6]/270000001322/69900158041111100000002201/index.m3u8, Date: None, Resolution: None, Response Time: 1654 ms
Name: 辽宁卫视, URL: http://[2409:8087:74d9:21::6]/000000001000PLTV/88888888/224/3221226209/index.m3u8, Date: None, Resolution: None, Response Time: 1654 ms
Name: 辽宁卫视, URL: http://[2409:8087:74d9:21::6]/270000001322/69900158041111100000002201/index.m3u8, Date: None, Resolution: None, Response Time: 1654 ms
Name: 辽宁卫视, URL: http://[2409:8087:74d9:21::6]:80/270000001322/69900158041111100000002201/index.m3u8, Date: None, Resolution: None, Response Time: 1654 ms
Name: 内蒙古卫视, URL: http://[2409:8087:74d9:21::6]:80/270000001128/9900000044/index.m3u8, Date: None, Resolution: None, Response Time: 1654 ms
Name: 内蒙古卫视, URL: http://[2409:8087:74d9:21::6]/000000001000PLTV/88888888/224/3221225664/index.m3u8, Date: None, Resolution: None, Response Time: 1654 ms
Name: 内蒙古卫视, URL: http://[2409:8087:74d9:21::6]:80/000000001000PLTV/88888888/224/3221225664/index.m3u8, Date: None, Resolution: None, Response Time: 1654 ms
Name: 内蒙古卫视, URL: http://[2409:8087:74d9:21::6]:80/270000001322/69900158041111100000002237/index.m3u8, Date: None, Resolution: None, Response Time: 1654 ms
Name: 内蒙古卫视, URL: http://[2409:8087:74d9:21::6]/270000001322/69900158041111100000002237/index.m3u8, Date: None, Resolution: None, Response Time: 1654 ms
Name: 内蒙古卫视, URL: http://[2409:8087:74d9:21::6]/270000001128/9900000044/index.m3u8, Date: None, Resolution: None, Response Time: 1654 ms
Name: 内蒙古卫视, URL: http://[2409:8087:74d9:21::6]:80/000000001000PLTV/88888888/224/3221225664/index.m3u8, Date: None, Resolution: None, Response Time: 1654 ms
Name: 内蒙古卫视, URL: http://[2409:8087:74d9:21::6]/270000001128/9900000044/index.m3u8, Date: None, Resolution: None, Response Time: 1654 ms
Name: 内蒙古卫视, URL: http://[2409:8087:74d9:21::6]/000000001000PLTV/88888888/224/3221225664/index.m3u8, Date: None, Resolution: None, Response Time: 1654 ms
Name: 内蒙古卫视, URL: http://[2409:8087:74d9:21::6]:80/270000001322/69900158041111100000002237/index.m3u8, Date: None, Resolution: None, Response Time: 1654 ms
Name: 内蒙古卫视, URL: http://[2409:8087:74d9:21::6]:80/270000001128/9900000044/index.m3u8, Date: None, Resolution: None, Response Time: 1654 ms
Name: 内蒙古卫视, URL: http://[2409:8087:74d9:21::6]/270000001322/69900158041111100000002237/index.m3u8, Date: None, Resolution: None, Response Time: 1654 ms
Name: 宁夏卫视, URL: http://[2409:8087:74d9:21::6]/270000001322/69900158041111100000002239/index.m3u8, Date: None, Resolution: None, Response Time: 1654 ms
Name: 宁夏卫视, URL: http://[2409:8087:74d9:21::6]/000000001000PLTV/88888888/224/3221226446/index.m3u8, Date: None, Resolution: None, Response Time: 1654 ms
Name: 宁夏卫视, URL: http://[2409:8087:74d9:21::6]:80/000000001000PLTV/88888888/224/3221226446/index.m3u8, Date: None, Resolution: None, Response Time: 1654 ms
Name: 宁夏卫视, URL: http://[2409:8087:74d9:21::6]/270000001128/9900000047/index.m3u8, Date: None, Resolution: None, Response Time: 1654 ms
Name: 宁夏卫视, URL: http://[2409:8087:74d9:21::6]/270000001322/69900158041111100000002239/index.m3u8, Date: None, Resolution: None, Response Time: 1654 ms
Name: 宁夏卫视, URL: http://[2409:8087:74d9:21::6]/000000001000PLTV/88888888/224/3221226446/index.m3u8, Date: None, Resolution: None, Response Time: 1654 ms
Name: 宁夏卫视, URL: http://[2409:8087:74d9:21::6]/270000001128/9900000047/index.m3u8, Date: None, Resolution: None, Response Time: 1654 ms
Name: 宁夏卫视, URL: http://[2409:8087:74d9:21::6]:80/000000001000PLTV/88888888/224/3221226446/index.m3u8, Date: None, Resolution: None, Response Time: 1654 ms
Name: 青海卫视, URL: http://[2409:8087:74d9:21::6]:80/270000001322/69900158041111100000002235/index.m3u8, Date: None, Resolution: None, Response Time: 1654 ms
Name: 青海卫视, URL: http://[2409:8087:74d9:21::6]/270000001128/9900000042/index.m3u8, Date: None, Resolution: None, Response Time: 1654 ms
Name: 青海卫视, URL: http://[2409:8087:74d9:21::6]:80/000000001000PLTV/88888888/224/3221226545/index.m3u8, Date: None, Resolution: None, Response Time: 1654 ms
Name: 青海卫视, URL: http://[2409:8087:74d9:21::6]/000000001000PLTV/88888888/224/3221226545/index.m3u8, Date: None, Resolution: None, Response Time: 1654 ms
Name: 青海卫视, URL: http://[2409:8087:74d9:21::6]:80/270000001128/9900000042/index.m3u8, Date: None, Resolution: None, Response Time: 1654 ms
Name: 青海卫视, URL: http://[2409:8087:74d9:21::6]/270000001322/69900158041111100000002235/index.m3u8, Date: None, Resolution: None, Response Time: 1654 ms
Name: 青海卫视, URL: http://[2409:8087:74d9:21::6]:80/000000001000PLTV/88888888/224/3221226545/index.m3u8, Date: None, Resolution: None, Response Time: 1654 ms
Name: 青海卫视, URL: http://[2409:8087:74d9:21::6]/270000001128/9900000042/index.m3u8, Date: None, Resolution: None, Response Time: 1654 ms
Name: 青海卫视, URL: http://[2409:8087:74d9:21::6]/000000001000PLTV/88888888/224/3221226545/index.m3u8, Date: None, Resolution: None, Response Time: 1654 ms
Name: 青海卫视, URL: http://[2409:8087:74d9:21::6]:80/270000001128/9900000042/index.m3u8, Date: None, Resolution: None, Response Time: 1654 ms
Name: 青海卫视, URL: http://[2409:8087:74d9:21::6]/270000001322/69900158041111100000002235/index.m3u8, Date: None, Resolution: None, Response Time: 1654 ms
Name: 青海卫视, URL: http://[2409:8087:74d9:21::6]:80/270000001322/69900158041111100000002235/index.m3u8, Date: None, Resolution: None, Response Time: 1654 ms
Name: 山东卫视, URL: http://[2409:8087:74d9:21::6]/270000001322/69900158041111100000002202/index.m3u8, Date: None, Resolution: None, Response Time: 1654 ms
Name: 山东卫视, URL: http://[2409:8087:74d9:21::6]:80/000000001000PLTV/88888888/224/3221226162/index.m3u8, Date: None, Resolution: None, Response Time: 1654 ms
Name: 山东卫视, URL: http://[2409:8087:74d9:21::6]/000000001000PLTV/88888888/224/3221226162/index.m3u8, Date: None, Resolution: None, Response Time: 1654 ms
Name: 山东卫视, URL: http://[2409:8087:74d9:21::6]/270000001322/69900158041111100000002202/index.m3u8, Date: None, Resolution: None, Response Time: 1654 ms
Name: 山东卫视, URL: http://[2409:8087:74d9:21::6]:80/000000001000PLTV/88888888/224/3221226162/index.m3u8, Date: None, Resolution: None, Response Time: 1654 ms
Name: 山东卫视, URL: http://[2409:8087:74d9:21::6]/000000001000PLTV/88888888/224/3221226162/index.m3u8, Date: None, Resolution: None, Response Time: 1654 ms
Name: 山西卫视, URL: http://[2409:8087:74d9:21::6]/270000001322/69900158041111100000002214/index.m3u8, Date: None, Resolution: None, Response Time: 1654 ms
Name: 山西卫视, URL: http://[2409:8087:74d9:21::6]/270000001128/9900000053/index.m3u8, Date: None, Resolution: None, Response Time: 1654 ms
Name: 山西卫视, URL: http://[2409:8087:74d9:21::6]/000000001000PLTV/88888888/224/3221226543/index.m3u8, Date: None, Resolution: None, Response Time: 1654 ms
Name: 山西卫视, URL: http://[2409:8087:74d9:21::6]/270000001128/9900000053/index.m3u8, Date: None, Resolution: None, Response Time: 1654 ms
Name: 山西卫视, URL: http://[2409:8087:74d9:21::6]/000000001000PLTV/88888888/224/3221226543/index.m3u8, Date: None, Resolution: None, Response Time: 1654 ms
Name: 山西卫视, URL: http://[2409:8087:74d9:21::6]/270000001322/69900158041111100000002214/index.m3u8, Date: None, Resolution: None, Response Time: 1654 ms
Name: 陕西卫视, URL: http://[2409:8087:74d9:21::6]/000000001000PLTV/88888888/224/3221226444/index.m3u8, Date: None, Resolution: None, Response Time: 1654 ms
Name: 陕西卫视, URL: http://[2409:8087:74d9:21::6]/270000001322/69900158041111100000002220/index.m3u8, Date: None, Resolution: None, Response Time: 1654 ms
Name: 陕西卫视, URL: http://[2409:8087:74d9:21::6]/000000001000PLTV/88888888/224/3221226444/index.m3u8, Date: None, Resolution: None, Response Time: 1654 ms
Name: 陕西卫视, URL: http://[2409:8087:74d9:21::6]/270000001322/69900158041111100000002220/index.m3u8, Date: None, Resolution: None, Response Time: 1654 ms
Name: 四川卫视, URL: http://[2409:8087:74d9:21::6]:80/270000001128/9900000025/index.m3u8, Date: None, Resolution: None, Response Time: 1654 ms
Name: 四川卫视, URL: http://[2409:8087:74d9:21::6]/000000001000PLTV/88888888/224/3221226454/index.m3u8, Date: None, Resolution: None, Response Time: 1654 ms
Name: 四川卫视, URL: http://[2409:8087:74d9:21::6]/270000001322/69900158041111100000002219/index.m3u8, Date: None, Resolution: None, Response Time: 1654 ms
Name: 四川卫视, URL: http://[2409:8087:74d9:21::6]:80/000000001000PLTV/88888888/224/3221226454/index.m3u8, Date: None, Resolution: None, Response Time: 1654 ms
Name: 四川卫视, URL: http://[2409:8087:74d9:21::6]/270000001128/9900000025/index.m3u8, Date: None, Resolution: None, Response Time: 1654 ms
Name: 四川卫视, URL: http://[2409:8087:74d9:21::6]/270000001128/9900000025/index.m3u8, Date: None, Resolution: None, Response Time: 1654 ms
Name: 四川卫视, URL: http://[2409:8087:74d9:21::6]/270000001322/69900158041111100000002219/index.m3u8, Date: None, Resolution: None, Response Time: 1654 ms
Name: 四川卫视, URL: http://[2409:8087:74d9:21::6]:80/000000001000PLTV/88888888/224/3221226454/index.m3u8, Date: None, Resolution: None, Response Time: 1654 ms
Name: 四川卫视, URL: http://[2409:8087:74d9:21::6]:80/270000001128/9900000025/index.m3u8, Date: None, Resolution: None, Response Time: 1654 ms
Name: 四川卫视, URL: http://[2409:8087:74d9:21::6]/000000001000PLTV/88888888/224/3221226454/index.m3u8, Date: None, Resolution: None, Response Time: 1654 ms
Name: 深圳卫视, URL: http://[2409:8087:74d9:21::6]:80/000000001000PLTV/88888888/224/3221226199/index.m3u8, Date: None, Resolution: None, Response Time: 1654 ms
Name: 深圳卫视, URL: http://[2409:8087:74d9:21::6]/270000001322/69900158041111100000002140/index.m3u8, Date: None, Resolution: None, Response Time: 1654 ms
Name: 深圳卫视, URL: http://[2409:8087:74d9:21::6]/000000001000PLTV/88888888/224/3221226199/index.m3u8, Date: None, Resolution: None, Response Time: 1654 ms
Name: 深圳卫视, URL: http://[2409:8087:74d9:21::6]:80/270000001322/69900158041111100000002140/index.m3u8, Date: None, Resolution: None, Response Time: 1654 ms
Name: 深圳卫视, URL: http://[2409:8087:74d9:21::6]/000000001000PLTV/88888888/224/3221226199/index.m3u8, Date: None, Resolution: None, Response Time: 1654 ms
Name: 深圳卫视, URL: http://[2409:8087:74d9:21::6]:80/270000001322/69900158041111100000002140/index.m3u8, Date: None, Resolution: None, Response Time: 1654 ms
Name: 深圳卫视, URL: http://[2409:8087:74d9:21::6]/270000001322/69900158041111100000002140/index.m3u8, Date: None, Resolution: None, Response Time: 1654 ms
Name: 深圳卫视, URL: http://[2409:8087:74d9:21::6]:80/000000001000PLTV/88888888/224/3221226199/index.m3u8, Date: None, Resolution: None, Response Time: 1654 ms
Name: 天津卫视, URL: http://[2409:8087:74d9:21::6]/270000001322/69900158041111100000002205/index.m3u8, Date: None, Resolution: None, Response Time: 1654 ms
Name: 天津卫视, URL: http://[2409:8087:74d9:21::6]/000000001000PLTV/88888888/224/3221226191/index.m3u8, Date: None, Resolution: None, Response Time: 1654 ms
Name: 天津卫视, URL: http://[2409:8087:74d9:21::6]/270000001322/69900158041111100000002205/index.m3u8, Date: None, Resolution: None, Response Time: 1654 ms
Name: 天津卫视, URL: http://[2409:8087:74d9:21::6]/000000001000PLTV/88888888/224/3221226191/index.m3u8, Date: None, Resolution: None, Response Time: 1654 ms
Name: 西藏卫视, URL: http://[2409:8087:74d9:21::6]:80/270000001322/69900158041111100000002236/index.m3u8, Date: None, Resolution: None, Response Time: 1654 ms
Name: 西藏卫视, URL: http://[2409:8087:74d9:21::6]/000000001000PLTV/88888888/224/3221225698/index.m3u8, Date: None, Resolution: None, Response Time: 1654 ms
Name: 西藏卫视, URL: http://[2409:8087:74d9:21::6]/270000001128/9900000043/index.m3u8, Date: None, Resolution: None, Response Time: 1654 ms
Name: 西藏卫视, URL: http://[2409:8087:74d9:21::6]/270000001322/69900158041111100000002236/index.m3u8, Date: None, Resolution: None, Response Time: 1654 ms
Name: 西藏卫视, URL: http://[2409:8087:74d9:21::6]:80/270000001128/9900000043/index.m3u8, Date: None, Resolution: None, Response Time: 1654 ms
Name: 西藏卫视, URL: http://[2409:8087:74d9:21::6]/270000001128/9900000043/index.m3u8, Date: None, Resolution: None, Response Time: 1654 ms
Name: 西藏卫视, URL: http://[2409:8087:74d9:21::6]/270000001322/69900158041111100000002236/index.m3u8, Date: None, Resolution: None, Response Time: 1654 ms
Name: 西藏卫视, URL: http://[2409:8087:74d9:21::6]:80/270000001322/69900158041111100000002236/index.m3u8, Date: None, Resolution: None, Response Time: 1654 ms
Name: 西藏卫视, URL: http://[2409:8087:74d9:21::6]:80/270000001128/9900000043/index.m3u8, Date: None, Resolution: None, Response Time: 1654 ms
Name: 西藏卫视, URL: http://[2409:8087:74d9:21::6]/000000001000PLTV/88888888/224/3221225698/index.m3u8, Date: None, Resolution: None, Response Time: 1654 ms
Name: 新疆卫视, URL: http://[2409:8087:74d9:21::6]:80/270000001322/69900158041111100000002238/index.m3u8, Date: None, Resolution: None, Response Time: 1654 ms
Name: 新疆卫视, URL: http://[2409:8087:74d9:21::6]:80/270000001128/9900000045/index.m3u8, Date: None, Resolution: None, Response Time: 1654 ms
Name: 新疆卫视, URL: http://[2409:8087:74d9:21::6]/270000001128/9900000045/index.m3u8, Date: None, Resolution: None, Response Time: 1654 ms
Name: 新疆卫视, URL: http://[2409:8087:74d9:21::6]/000000001000PLTV/88888888/224/3221226448/index.m3u8, Date: None, Resolution: None, Response Time: 1654 ms
Name: 新疆卫视, URL: http://[2409:8087:74d9:21::6]:80/000000001000PLTV/88888888/224/3221226448/index.m3u8, Date: None, Resolution: None, Response Time: 1654 ms
Name: 新疆卫视, URL: http://[2409:8087:74d9:21::6]/270000001322/69900158041111100000002238/index.m3u8, Date: None, Resolution: None, Response Time: 1654 ms
Name: 新疆卫视, URL: http://[2409:8087:74d9:21::6]:80/270000001322/69900158041111100000002238/index.m3u8, Date: None, Resolution: None, Response Time: 1654 ms
Name: 新疆卫视, URL: http://[2409:8087:74d9:21::6]/000000001000PLTV/88888888/224/3221226448/index.m3u8, Date: None, Resolution: None, Response Time: 1654 ms
Name: 新疆卫视, URL: http://[2409:8087:74d9:21::6]/270000001322/69900158041111100000002238/index.m3u8, Date: None, Resolution: None, Response Time: 1654 ms
Name: 新疆卫视, URL: http://[2409:8087:74d9:21::6]:80/000000001000PLTV/88888888/224/3221226448/index.m3u8, Date: None, Resolution: None, Response Time: 1654 ms
Name: 新疆卫视, URL: http://[2409:8087:74d9:21::6]/270000001128/9900000045/index.m3u8, Date: None, Resolution: None, Response Time: 1654 ms
Name: 新疆卫视, URL: http://[2409:8087:74d9:21::6]:80/270000001128/9900000045/index.m3u8, Date: None, Resolution: None, Response Time: 1654 ms
Name: 云南卫视, URL: http://[2409:8087:74d9:21::6]/270000001128/9900000035/index.m3u8, Date: None, Resolution: None, Response Time: 1654 ms
Name: 云南卫视, URL: http://[2409:8087:74d9:21::6]/270000001322/69900158041111100000002230/index.m3u8, Date: None, Resolution: None, Response Time: 1654 ms
Name: 云南卫视, URL: http://[2409:8087:74d9:21::6]:80/000000001000PLTV/88888888/224/3221226549/index.m3u8, Date: None, Resolution: None, Response Time: 1654 ms
Name: 云南卫视, URL: http://[2409:8087:74d9:21::6]/000000001000PLTV/88888888/224/3221226549/index.m3u8, Date: None, Resolution: None, Response Time: 1654 ms
Name: 云南卫视, URL: http://[2409:8087:74d9:21::6]:80/270000001128/9900000035/index.m3u8, Date: None, Resolution: None, Response Time: 1654 ms
Name: 云南卫视, URL: http://[2409:8087:74d9:21::6]/270000001322/69900158041111100000002230/index.m3u8, Date: None, Resolution: None, Response Time: 1654 ms
Name: 云南卫视, URL: http://[2409:8087:74d9:21::6]/270000001128/9900000035/index.m3u8, Date: None, Resolution: None, Response Time: 1654 ms
Name: 云南卫视, URL: http://[2409:8087:74d9:21::6]:80/270000001128/9900000035/index.m3u8, Date: None, Resolution: None, Response Time: 1654 ms
Name: 云南卫视, URL: http://[2409:8087:74d9:21::6]:80/000000001000PLTV/88888888/224/3221226549/index.m3u8, Date: None, Resolution: None, Response Time: 1654 ms
Name: 云南卫视, URL: http://[2409:8087:74d9:21::6]/000000001000PLTV/88888888/224/3221226549/index.m3u8, Date: None, Resolution: None, Response Time: 1654 ms
Name: 北京卫视, URL: http://[2409:8087:74d9:21::6]/000000001000PLTV/88888888/224/3221226739/index.m3u8, Date: None, Resolution: None, Response Time: 1654 ms
Name: 北京卫视, URL: http://[2409:8087:74d9:21::6]:80/270000001322/69900158041111100000002145/index.m3u8, Date: None, Resolution: None, Response Time: 1654 ms
Name: 北京卫视, URL: http://[2409:8087:74d9:21::6]/270000001322/69900158041111100000002145/index.m3u8, Date: None, Resolution: None, Response Time: 1654 ms
Name: 北京卫视, URL: http://[2409:8087:74d9:21::6]/000000001000PLTV/88888888/224/3221226161/index.m3u8, Date: None, Resolution: None, Response Time: 1654 ms
Name: 北京卫视, URL: http://[2409:8087:74d9:21::6]:80/000000001000PLTV/88888888/224/3221226161/index.m3u8, Date: None, Resolution: None, Response Time: 1654 ms
Name: 北京卫视, URL: http://[2409:8087:74d9:21::6]/270000001322/69900158041111100000002145/index.m3u8, Date: None, Resolution: None, Response Time: 1654 ms
Name: 北京卫视, URL: http://[2409:8087:74d9:21::6]/000000001000PLTV/88888888/224/3221226739/index.m3u8, Date: None, Resolution: None, Response Time: 1654 ms
Name: 北京卫视, URL: http://[2409:8087:74d9:21::6]/000000001000PLTV/88888888/224/3221226161/index.m3u8, Date: None, Resolution: None, Response Time: 1654 ms
Name: 北京卫视, URL: http://[2409:8087:74d9:21::6]:80/270000001322/69900158041111100000002145/index.m3u8, Date: None, Resolution: None, Response Time: 1654 ms
Name: 北京卫视, URL: http://[2409:8087:74d9:21::6]:80/000000001000PLTV/88888888/224/3221226161/index.m3u8, Date: None, Resolution: None, Response Time: 1654 ms
Name: 卡酷少儿, URL: http://[2409:8087:74d9:21::6]/270000001128/9900000040/index.m3u8, Date: None, Resolution: None, Response Time: 1654 ms
Name: 卡酷少儿, URL: http://[2409:8087:74d9:21::6]/270000001128/9900000040/index.m3u8, Date: None, Resolution: None, Response Time: 1654 ms
Name: CHC动作电影, URL: http://[2409:8087:74d9:21::6]:80/270000001128/9900000106/index.m3u8, Date: None, Resolution: None, Response Time: 1654 ms
Name: CHC动作电影, URL: http://[2409:8087:74d9:21::6]/270000001128/9900000106/index.m3u8, Date: None, Resolution: None, Response Time: 1654 ms
Name: CHC动作电影, URL: http://[2409:8087:74d9:21::6]:80/270000001128/9900000106/index.m3u8, Date: None, Resolution: None, Response Time: 1654 ms
Name: CHC动作电影, URL: http://[2409:8087:74d9:21::6]/270000001128/9900000106/index.m3u8, Date: None, Resolution: None, Response Time: 1654 ms
Name: NewTV惊悚悬疑, URL: http://[2409:8087:74d9:21::6]/270000001128/9900000113/index.m3u8, Date: None, Resolution: None, Response Time: 1654 ms
Name: NewTV惊悚悬疑, URL: http://[2409:8087:74d9:21::6]/270000001128/9900000113/index.m3u8, Date: None, Resolution: None, Response Time: 1654 ms
Name: NewTV动作电影, URL: http://[2409:8087:74d9:21::6]/270000001128/9900000106/index.m3u8, Date: None, Resolution: None, Response Time: 1654 ms
Name: NewTV动作电影, URL: http://[2409:8087:74d9:21::6]/270000001128/9900000106/index.m3u8, Date: None, Resolution: None, Response Time: 1654 ms
Name: 黑莓电影, URL: http://[2409:8087:74d9:21::6]:80/270000001128/9900000095/index.m3u8, Date: None, Resolution: None, Response Time: 1654 ms
Name: 黑莓电影, URL: http://[2409:8087:74d9:21::6]/270000001128/9900000095/index.m3u8, Date: None, Resolution: None, Response Time: 1654 ms
Name: 黑莓电影, URL: http://[2409:8087:74d9:21::6]:80/270000001128/9900000095/index.m3u8, Date: None, Resolution: None, Response Time: 1654 ms
Name: 黑莓电影, URL: http://[2409:8087:74d9:21::6]/270000001128/9900000095/index.m3u8, Date: None, Resolution: None, Response Time: 1654 ms
Name: CCTV-5, URL: http://[2409:8087:74d9:21::6]/270000001128/9900000005/index.m3u8, Date: None, Resolution: None, Response Time: 1654 ms
Name: CCTV-5, URL: http://[2409:8087:74d9:21::6]:80/270000001128/9900000005/index.m3u8, Date: None, Resolution: None, Response Time: 1654 ms
Name: CCTV-5, URL: http://[2409:8087:74d9:21::6]/000000001000PLTV/88888888/224/3221226365/index.m3u8, Date: None, Resolution: None, Response Time: 1654 ms
Name: CCTV-5, URL: http://[2409:8087:74d9:21::6]/000000001000PLTV/88888888/224/3221226146/index.m3u8, Date: None, Resolution: None, Response Time: 1654 ms
Name: CCTV-5, URL: http://[2409:8087:74d9:21::6]:80/270000001128/9900000020/index.m3u8, Date: None, Resolution: None, Response Time: 1654 ms
Name: CCTV-5, URL: http://[2409:8087:74d9:21::6]:80/000000001000PLTV/88888888/224/3221226365/index.m3u8, Date: None, Resolution: None, Response Time: 1654 ms
Name: CCTV-5, URL: http://[2409:8087:74d9:21::6]/270000001128/9900000020/index.m3u8, Date: None, Resolution: None, Response Time: 1654 ms
Name: CCTV-5, URL: http://[2409:8087:74d9:21::6]:80/270000001128/9900000005/index.m3u8, Date: None, Resolution: None, Response Time: 1654 ms
Name: CCTV-5, URL: http://[2409:8087:74d9:21::6]/270000001128/9900000020/index.m3u8, Date: None, Resolution: None, Response Time: 1654 ms
Name: CCTV-5, URL: http://[2409:8087:74d9:21::6]/000000001000PLTV/88888888/224/3221226146/index.m3u8, Date: None, Resolution: None, Response Time: 1654 ms
Name: CCTV-5, URL: http://[2409:8087:74d9:21::6]:80/000000001000PLTV/88888888/224/3221226365/index.m3u8, Date: None, Resolution: None, Response Time: 1654 ms
Name: CCTV-5, URL: http://[2409:8087:74d9:21::6]/270000001128/9900000005/index.m3u8, Date: None, Resolution: None, Response Time: 1654 ms
Name: CCTV-5, URL: http://[2409:8087:74d9:21::6]/000000001000PLTV/88888888/224/3221226365/index.m3u8, Date: None, Resolution: None, Response Time: 1654 ms
Name: CCTV-5, URL: http://[2409:8087:74d9:21::6]:80/270000001128/9900000020/index.m3u8, Date: None, Resolution: None, Response Time: 1654 ms
Name: CCTV-5+, URL: http://[2409:8087:74d9:21::6]/270000001322/69900158041111100000002139/index.m3u8, Date: None, Resolution: None, Response Time: 1654 ms
Name: CCTV-5+, URL: http://[2409:8087:74d9:21::6]/270000001322/69900158041111100000002139/index.m3u8, Date: None, Resolution: None, Response Time: 1654 ms
Name: 精品体育, URL: http://[2409:8087:74d9:21::6]/270000001128/9900000102/index.m3u8, Date: None, Resolution: None, Response Time: 1654 ms
Name: 精品体育, URL: http://[2409:8087:74d9:21::6]/270000001128/9900000102/index.m3u8, Date: None, Resolution: None, Response Time: 1654 ms
Name: 睛彩篮球, URL: http://[2409:8087:74d9:21::6]/270000001128/9900000118/index.m3u8, Date: None, Resolution: None, Response Time: 1654 ms
Name: 睛彩篮球, URL: http://[2409:8087:74d9:21::6]/000000001000PLTV/88888888/224/3221226506/index.m3u8, Date: None, Resolution: None, Response Time: 1654 ms
Name: 睛彩篮球, URL: http://[2409:8087:74d9:21::6]/000000001000PLTV/88888888/224/3221226508/index.m3u8, Date: None, Resolution: None, Response Time: 1654 ms
Name: 睛彩篮球, URL: http://[2409:8087:74d9:21::6]/270000001128/9900000118/index.m3u8, Date: None, Resolution: None, Response Time: 1654 ms
Name: 睛彩篮球, URL: http://[2409:8087:74d9:21::6]/000000001000PLTV/88888888/224/3221226506/index.m3u8, Date: None, Resolution: None, Response Time: 1654 ms
Name: 睛彩篮球, URL: http://[2409:8087:74d9:21::6]/000000001000PLTV/88888888/224/3221226508/index.m3u8, Date: None, Resolution: None, Response Time: 1654 ms
Name: 动漫秀场, URL: http://[2409:8087:74d9:21::6]/000000001000PLTV/88888888/224/3221226197/index.m3u8, Date: None, Resolution: None, Response Time: 1654 ms
Name: 动漫秀场, URL: http://[2409:8087:74d9:21::6]:80/000000001000PLTV/88888888/224/3221226197/index.m3u8, Date: None, Resolution: None, Response Time: 1654 ms
Name: 动漫秀场, URL: http://[2409:8087:74d9:21::6]:80/000000001000PLTV/88888888/224/3221226197/index.m3u8, Date: None, Resolution: None, Response Time: 1654 ms
Name: 动漫秀场, URL: http://[2409:8087:74d9:21::6]/000000001000PLTV/88888888/224/3221226197/index.m3u8, Date: None, Resolution: None, Response Time: 1654 ms
Name: 优漫卡通, URL: http://[2409:8087:74d9:21::6]/270000001128/9900000070/index.m3u8, Date: None, Resolution: None, Response Time: 1654 ms
Name: 优漫卡通, URL: http://[2409:8087:74d9:21::6]/270000001128/9900000070/index.m3u8, Date: None, Resolution: None, Response Time: 1654 ms
Name: 金鹰卡通, URL: http://[2409:8087:74d9:21::6]/270000001322/69900158041111100000002240/index.m3u8, Date: None, Resolution: None, Response Time: 1654 ms
Name: 金鹰卡通, URL: http://[2409:8087:74d9:21::6]/270000001128/9900000039/index.m3u8, Date: None, Resolution: None, Response Time: 1654 ms
Name: 金鹰卡通, URL: http://[2409:8087:74d9:21::6]/270000001322/69900158041111100000002240/index.m3u8, Date: None, Resolution: None, Response Time: 1654 ms
Name: 金鹰卡通, URL: http://[2409:8087:74d9:21::6]/270000001128/9900000039/index.m3u8, Date: None, Resolution: None, Response Time: 1654 ms
Name: 黑莓动画, URL: http://[2409:8087:74d9:21::6]/270000001128/9900000096/index.m3u8, Date: None, Resolution: None, Response Time: 1654 ms
Name: 黑莓动画, URL: http://[2409:8087:74d9:21::6]/270000001128/9900000096/index.m3u8, Date: None, Resolution: None, Response Time: 1654 ms
Name: 游戏风云, URL: http://[2409:8087:74d9:21::6]/000000001000PLTV/88888888/224/3221226187/index.m3u8, Date: None, Resolution: None, Response Time: 1654 ms
Name: 游戏风云, URL: http://[2409:8087:74d9:21::6]/000000001000PLTV/88888888/224/3221226187/index.m3u8, Date: None, Resolution: None, Response Time: 1654 ms
Name: CCTV-15, URL: http://[2409:8087:74d9:21::6]/000000001000PLTV/88888888/224/3221226616/index.m3u8, Date: None, Resolution: None, Response Time: 1654 ms
Name: CCTV-15, URL: http://[2409:8087:74d9:21::6]:80/270000001322/69900158041111100000002181/index.m3u8, Date: None, Resolution: None, Response Time: 1654 ms
Name: CCTV-15, URL: http://[2409:8087:74d9:21::6]:80/000000001000PLTV/88888888/224/3221226616/index.m3u8, Date: None, Resolution: None, Response Time: 1654 ms
Name: CCTV-15, URL: http://[2409:8087:74d9:21::6]/270000001322/69900158041111100000002181/index.m3u8, Date: None, Resolution: None, Response Time: 1654 ms
Name: CCTV-15, URL: http://[2409:8087:74d9:21::6]:80/270000001322/69900158041111100000002181/index.m3u8, Date: None, Resolution: None, Response Time: 1654 ms
Name: CCTV-15, URL: http://[2409:8087:74d9:21::6]/000000001000PLTV/88888888/224/3221226616/index.m3u8, Date: None, Resolution: None, Response Time: 1654 ms
Name: CCTV-15, URL: http://[2409:8087:74d9:21::6]/270000001322/69900158041111100000002181/index.m3u8, Date: None, Resolution: None, Response Time: 1654 ms
Name: CCTV-15, URL: http://[2409:8087:74d9:21::6]:80/000000001000PLTV/88888888/224/3221226616/index.m3u8, Date: None, Resolution: None, Response Time: 1654 ms
